This is pdfTeX, Version 3.14159265-2.6-1.40.16 (TeX Live 2015) (preloaded format=pdflatex 2015.5.24)  11 MAY 2016 19:51
entering extended mode
 restricted \write18 enabled.
 %&-line parsing enabled.
**main.tex
(./main.tex
LaTeX2e <2015/01/01>
Babel <3.9l> and hyphenation patterns for 79 languages loaded.
(./IEEEtran11.cls
Document Style `IEEEtran' <30-August-1993>.
Upgraded to `IEEEtran.cls' <10-Jan.-1996> !PN
Rev. <15-May.-1996> !PN
(/usr/local/texlive/2015/texmf-dist/tex/latex/tools/rawfonts.sty
Package: rawfonts 1994/05/08 Low-level LaTeX 2.09 font compatibility

(/usr/local/texlive/2015/texmf-dist/tex/latex/tools/somedefs.sty
Package: somedefs 1994/06/01 v0.03 Toolkit for optional definitions
)
LaTeX Font Info:    Try loading font information for U+lasy on input line 49.

(/usr/local/texlive/2015/texmf-dist/tex/latex/base/ulasy.fd
File: ulasy.fd 1998/08/17 v2.2e LaTeX symbol font definitions
))
(/usr/local/texlive/2015/texmf-dist/tex/latex/base/oldlfont.sty
Package: oldlfont 2014/09/29 v2.2k Standard LaTeX package

(/usr/local/texlive/2015/texmf-dist/tex/latex/base/tracefnt.sty
Package: tracefnt 2015/02/21 v3.0k Standard LaTeX package (font tracing)
\tracingfonts=\count79
LaTeX Info: Redefining \selectfont on input line 106.
)
\symbold=\mathgroup4
\symsans=\mathgroup5
\symtypewriter=\mathgroup6
\symitalic=\mathgroup7
\symsmallcaps=\mathgroup8
\symslanted=\mathgroup9
LaTeX Font Info:    Redeclaring math alphabet \mathbf on input line 76.
LaTeX Font Info:    Redeclaring math alphabet \mathsf on input line 77.
LaTeX Font Info:    Redeclaring math alphabet \mathtt on input line 78.
LaTeX Font Info:    Redeclaring math alphabet \mathit on input line 84.
LaTeX Info: Redefining \em on input line 94.

(/usr/local/texlive/2015/texmf-dist/tex/latex/base/latexsym.sty
Package: latexsym 1998/08/17 v2.2e Standard LaTeX package (lasy symbols)
\symlasy=\mathgroup10
LaTeX Font Info:    Overwriting symbol font `lasy' in version `bold'
(Font)                  U/lasy/m/n --> U/lasy/b/n on input line 52.
))
(/usr/local/texlive/2015/texmf-dist/tex/latex/psnfss/times.sty
Package: times 2005/04/12 PSNFSS-v9.2a (SPQR) 
)
-- This is a 10 point document
\tmpitemindent=\dimen102
\c@section=\count80
\c@subsection=\count81
\c@subsubsection=\count82
\c@paragraph=\count83
\captionindent=\skip41
\c@figure=\count84
\c@table=\count85
) (/usr/local/texlive/2015/texmf-dist/tex/latex/graphics/epsfig.sty
Package: epsfig 1999/02/16 v1.7a (e)psfig emulation (SPQR)

(/usr/local/texlive/2015/texmf-dist/tex/latex/graphics/graphicx.sty
Package: graphicx 2014/10/28 v1.0g Enhanced LaTeX Graphics (DPC,SPQR)

(/usr/local/texlive/2015/texmf-dist/tex/latex/graphics/keyval.sty
Package: keyval 2014/10/28 v1.15 key=value parser (DPC)
\KV@toks@=\toks14
)
(/usr/local/texlive/2015/texmf-dist/tex/latex/graphics/graphics.sty
Package: graphics 2014/10/28 v1.0p Standard LaTeX Graphics (DPC,SPQR)

(/usr/local/texlive/2015/texmf-dist/tex/latex/graphics/trig.sty
Package: trig 1999/03/16 v1.09 sin cos tan (DPC)
)
(/usr/local/texlive/2015/texmf-dist/tex/latex/latexconfig/graphics.cfg
File: graphics.cfg 2010/04/23 v1.9 graphics configuration of TeX Live
)
Package graphics Info: Driver file: pdftex.def on input line 94.

(/usr/local/texlive/2015/texmf-dist/tex/latex/pdftex-def/pdftex.def
File: pdftex.def 2011/05/27 v0.06d Graphics/color for pdfTeX

(/usr/local/texlive/2015/texmf-dist/tex/generic/oberdiek/infwarerr.sty
Package: infwarerr 2010/04/08 v1.3 Providing info/warning/error messages (HO)
)
(/usr/local/texlive/2015/texmf-dist/tex/generic/oberdiek/ltxcmds.sty
Package: ltxcmds 2011/11/09 v1.22 LaTeX kernel commands for general use (HO)
)
\Gread@gobject=\count86
))
\Gin@req@height=\dimen103
\Gin@req@width=\dimen104
)
\epsfxsize=\dimen105
\epsfysize=\dimen106
)
(/usr/local/texlive/2015/texmf-dist/tex/latex/base/fontenc.sty
Package: fontenc 2005/09/27 v1.99g Standard LaTeX package

(/usr/local/texlive/2015/texmf-dist/tex/latex/base/t1enc.def
File: t1enc.def 2005/09/27 v1.99g Standard LaTeX file
LaTeX Font Info:    Redeclaring font encoding T1 on input line 48.
))
(/usr/local/texlive/2015/texmf-dist/tex/latex/subfigure/subfigure.sty
Package: subfigure 2002/03/15 v2.1.5 subfigure package


Package subfigure Warning: Your document class has a bad definition
 of \endfigure, most likely
 \let\endfigure=\end@float
 which has now been changed to
 \def\endfigure{\end@float}
 because otherwise subsequent changes to \end@float
 (like done by several packages changing float behaviour)
 can't take effect on \endfigure.
 Please complain to your document class author.


Package subfigure Warning: Your document class has a bad definition
 of \endtable, most likely
 \let\endtable=\end@float
 which has now been changed to
 \def\endtable{\end@float}
 because otherwise subsequent changes to \end@float
 (like done by several packages changing float behaviour)
 can't take effect on \endtable.
 Please complain to your document class author.

\subfigtopskip=\skip42
\subfigcapskip=\skip43
\subfigcaptopadj=\dimen107
\subfigbottomskip=\skip44
\subfigcapmargin=\dimen108
\subfiglabelskip=\skip45
\c@subfigure=\count87
\c@lofdepth=\count88
\c@subtable=\count89
\c@lotdepth=\count90
****************************************
* Local config file subfigure.cfg used *
****************************************
(/usr/local/texlive/2015/texmf-dist/tex/latex/subfigure/subfigure.cfg)
\subfig@top=\skip46
\subfig@bottom=\skip47
)
(/usr/local/texlive/2015/texmf-dist/tex/latex/tabu/tabu.sty
Package: tabu 2011/02/26 v2.8 - flexible LaTeX tabulars (FC)

(/usr/local/texlive/2015/texmf-dist/tex/latex/tools/array.sty
Package: array 2014/10/28 v2.4c Tabular extension package (FMi)
\col@sep=\dimen109
\extrarowheight=\dimen110
\NC@list=\toks15
\extratabsurround=\skip48
\backup@length=\skip49
)
(/usr/local/texlive/2015/texmf-dist/tex/latex/varwidth/varwidth.sty
Package: varwidth 2009/03/30 ver 0.92;  Variable-width minipages
\@vwid@box=\box26
\sift@deathcycles=\count91
\@vwid@loff=\dimen111
\@vwid@roff=\dimen112
)
\c@taburow=\count92
\tabu@nbcols=\count93
\tabu@cnt=\count94
\tabu@Xcol=\count95
\tabu@alloc=\count96
\tabu@nested=\count97
\tabu@target=\dimen113
\tabu@spreadtarget=\dimen114
\tabu@naturalX=\dimen115
\tabucolX=\dimen116
\tabu@Xsum=\dimen117
\extrarowdepth=\dimen118
\abovetabulinesep=\dimen119
\belowtabulinesep=\dimen120
\tabustrutrule=\dimen121
\tabu@thebody=\toks16
\tabu@footnotes=\toks17
\tabu@box=\box27
\tabu@arstrutbox=\box28
\tabu@hleads=\box29
\tabu@vleads=\box30
\tabu@cellskip=\skip50
)
(./main.aux)
\openout1 = `main.aux'.

LaTeX Font Info:    Checking defaults for OML/cmm/m/it on input line 24.
LaTeX Font Info:    ... okay on input line 24.
LaTeX Font Info:    Checking defaults for T1/cmr/m/n on input line 24.
LaTeX Font Info:    ... okay on input line 24.
LaTeX Font Info:    Checking defaults for OT1/cmr/m/n on input line 24.
LaTeX Font Info:    ... okay on input line 24.
LaTeX Font Info:    Checking defaults for OMS/cmsy/m/n on input line 24.
LaTeX Font Info:    ... okay on input line 24.
LaTeX Font Info:    Checking defaults for OMX/cmex/m/n on input line 24.
LaTeX Font Info:    ... okay on input line 24.
LaTeX Font Info:    Checking defaults for U/cmr/m/n on input line 24.
LaTeX Font Info:    ... okay on input line 24.
LaTeX Font Info:    Try loading font information for T1+ptm on input line 24.
 (/usr/local/texlive/2015/texmf-dist/tex/latex/psnfss/t1ptm.fd
File: t1ptm.fd 2001/06/04 font definitions for T1/ptm.
)
(/usr/local/texlive/2015/texmf-dist/tex/context/base/supp-pdf.mkii
[Loading MPS to PDF converter (version 2006.09.02).]
\scratchcounter=\count98
\scratchdimen=\dimen122
\scratchbox=\box31
\nofMPsegments=\count99
\nofMParguments=\count100
\everyMPshowfont=\toks18
\MPscratchCnt=\count101
\MPscratchDim=\dimen123
\MPnumerator=\count102
\makeMPintoPDFobject=\count103
\everyMPtoPDFconversion=\toks19
) (/usr/local/texlive/2015/texmf-dist/tex/generic/oberdiek/pdftexcmds.sty
Package: pdftexcmds 2011/11/29 v0.20 Utility functions of pdfTeX for LuaTeX (HO
)

(/usr/local/texlive/2015/texmf-dist/tex/generic/oberdiek/ifluatex.sty
Package: ifluatex 2010/03/01 v1.3 Provides the ifluatex switch (HO)
Package ifluatex Info: LuaTeX not detected.
)
(/usr/local/texlive/2015/texmf-dist/tex/generic/oberdiek/ifpdf.sty
Package: ifpdf 2011/01/30 v2.3 Provides the ifpdf switch (HO)
Package ifpdf Info: pdfTeX in PDF mode is detected.
)
Package pdftexcmds Info: LuaTeX not detected.
Package pdftexcmds Info: \pdf@primitive is available.
Package pdftexcmds Info: \pdf@ifprimitive is available.
Package pdftexcmds Info: \pdfdraftmode found.
)
(/usr/local/texlive/2015/texmf-dist/tex/latex/oberdiek/epstopdf-base.sty
Package: epstopdf-base 2010/02/09 v2.5 Base part for package epstopdf

(/usr/local/texlive/2015/texmf-dist/tex/latex/oberdiek/grfext.sty
Package: grfext 2010/08/19 v1.1 Manage graphics extensions (HO)

(/usr/local/texlive/2015/texmf-dist/tex/generic/oberdiek/kvdefinekeys.sty
Package: kvdefinekeys 2011/04/07 v1.3 Define keys (HO)
))
(/usr/local/texlive/2015/texmf-dist/tex/latex/oberdiek/kvoptions.sty
Package: kvoptions 2011/06/30 v3.11 Key value format for package options (HO)

(/usr/local/texlive/2015/texmf-dist/tex/generic/oberdiek/kvsetkeys.sty
Package: kvsetkeys 2012/04/25 v1.16 Key value parser (HO)

(/usr/local/texlive/2015/texmf-dist/tex/generic/oberdiek/etexcmds.sty
Package: etexcmds 2011/02/16 v1.5 Avoid name clashes with e-TeX commands (HO)
Package etexcmds Info: Could not find \expanded.
(etexcmds)             That can mean that you are not using pdfTeX 1.50 or
(etexcmds)             that some package has redefined \expanded.
(etexcmds)             In the latter case, load this package earlier.
)))
Package grfext Info: Graphics extension search list:
(grfext)             [.png,.pdf,.jpg,.mps,.jpeg,.jbig2,.jb2,.PNG,.PDF,.JPG,.JPE
G,.JBIG2,.JB2,.eps]
(grfext)             \AppendGraphicsExtensions on input line 452.

(/usr/local/texlive/2015/texmf-dist/tex/latex/latexconfig/epstopdf-sys.cfg
File: epstopdf-sys.cfg 2010/07/13 v1.3 Configuration of (r)epstopdf for TeX Liv
e
))
LaTeX Font Info:    Font shape `T1/ptm/bx/n' in size <14.4> not available
(Font)              Font shape `T1/ptm/b/n' tried instead on input line 35.

Underfull \hbox (badness 10000) in paragraph at lines 54--56

 []

<images/parallelComputation.png, id=1, 2056.68375pt x 1393.205pt>
File: images/parallelComputation.png Graphic file (type png)

<use images/parallelComputation.png>
Package pdftex.def Info: images/parallelComputation.png used on input line 76.
(pdftex.def)             Requested size: 246.7914pt x 167.17738pt.

Overfull \hbox (3.29294pt too wide) in paragraph at lines 76--77
 [][] 
 []


LaTeX Warning: `h' float specifier changed to `ht'.

[1{/usr/local/texlive/2015/texmf-var/fonts/map/pdftex/updmap/pdftex.map}


]
<images/parDBMS.png, id=11, 1167.36125pt x 1167.36125pt>
File: images/parDBMS.png Graphic file (type png)

<use images/parDBMS.png>
Package pdftex.def Info: images/parDBMS.png used on input line 95.
(pdftex.def)             Requested size: 140.0773pt x 140.0773pt.

Underfull \hbox (badness 10000) in paragraph at lines 104--107

 []

<images/mapReduce.png, id=12, 494.0859pt x 337.5009pt>
File: images/mapReduce.png Graphic file (type png)

<use images/mapReduce.png>
Package pdftex.def Info: images/mapReduce.png used on input line 134.
(pdftex.def)             Requested size: 247.04234pt x 168.75003pt.

Overfull \hbox (3.54388pt too wide) in paragraph at lines 134--135
 [][] 
 []


LaTeX Warning: `h' float specifier changed to `ht'.

[2 <./images/parallelComputation.png> <./images/parDBMS.png>]
Underfull \hbox (badness 10000) in paragraph at lines 143--145

 []

LaTeX Font Info:    Font shape `T1/ptm/bx/n' in size <10> not available
(Font)              Font shape `T1/ptm/b/n' tried instead on input line 174.
[3 <./images/mapReduce.png>]
Underfull \hbox (badness 10000) in paragraph at lines 221--223

 []

LaTeX Font Info:    External font `cmex10' loaded for size
(Font)              <7> on input line 249.
LaTeX Font Info:    External font `cmex10' loaded for size
(Font)              <5> on input line 249.

Overfull \hbox (5.83282pt too wide) in paragraph at lines 249--260
 [][] 
 []

(./main.bbl) [4] (./main.aux) ) 
Here is how much of TeX's memory you used:
 2966 strings out of 493089
 40631 string characters out of 6134842
 105644 words of memory out of 5000000
 6366 multiletter control sequences out of 15000+600000
 60941 words of font info for 108 fonts, out of 8000000 for 9000
 1141 hyphenation exceptions out of 8191
 38i,14n,24p,697b,416s stack positions out of 5000i,500n,10000p,200000b,80000s
{/usr/local/texlive/2015/texmf-dist/fonts/enc/dv
ips/base/8r.enc}</usr/local/texlive/2015/texmf-dist/fonts/type1/urw/times/utmb8
a.pfb></usr/local/texlive/2015/texmf-dist/fonts/type1/urw/times/utmr8a.pfb></us
r/local/texlive/2015/texmf-dist/fonts/type1/urw/times/utmri8a.pfb>
Output written on main.pdf (4 pages, 192719 bytes).
PDF statistics:
 36 PDF objects out of 1000 (max. 8388607)
 21 compressed objects within 1 object stream
 0 named destinations out of 1000 (max. 500000)
 16 words of extra memory for PDF output out of 10000 (max. 10000000)

